<?xml version="1.0" encoding="UTF-8"?>
<!-- Generated by org.testng.reporters.JUnitReportReporter -->
<testsuite hostname="venkataswami-PC" name="Test.test1" tests="5" failures="0" timestamp="2 Aug 2019 23:39:53 GMT" time="86.067" errors="0">
  <testcase name="cars" time="0.003" classname="Test.test1"/>
  <testcase name="submit" time="0.634" classname="Test.test1"/>
  <testcase name="car" time="0.025" classname="Test.test1"/>
  <testcase name="postaprof" time="0.278" classname="Test.test1"/>
  <testcase name="login" time="85.127" classname="Test.test1"/>
</testsuite> <!-- Test.test1 -->
